0 verbose cli /usr/bin/node /usr/bin/npm
1 info using npm@9.2.0
2 info using node@v22.22.1
3 timing npm:load:whichnode Completed in 0ms
4 timing config:load:defaults Completed in 1ms
5 timing config:load:file:/usr/share/nodejs/npm/npmrc Completed in 10ms
6 timing config:load:builtin Completed in 10ms
7 timing config:load:cli Completed in 1ms
8 timing config:load:env Completed in 1ms
9 timing config:load:file:/root/AdventureGame/.npmrc Completed in 0ms
10 timing config:load:project Completed in 9ms
11 timing config:load:file:/root/.npmrc Completed in 0ms
12 timing config:load:user Completed in 0ms
13 timing config:load:file:/etc/npmrc Completed in 1ms
14 timing config:load:global Completed in 1ms
15 timing config:load:setEnvs Completed in 0ms
16 timing config:load Completed in 23ms
17 timing npm:load:configload Completed in 23ms
18 timing npm:load:mkdirpcache Completed in 1ms
19 timing npm:load:mkdirplogs Completed in 0ms
20 verbose title npm run dev
21 verbose argv "run" "dev"
22 timing npm:load:setTitle Completed in 1ms
23 timing config:load:flatten Completed in 2ms
24 timing npm:load:display Completed in 2ms
25 verbose logfile logs-max:10 dir:/root/.npm/_logs/2026-06-24T13_08_21_574Z-
26 verbose logfile /root/.npm/_logs/2026-06-24T13_08_21_574Z-debug-0.log
27 timing npm:load:logFile Completed in 7ms
28 timing npm:load:timers Completed in 0ms
29 timing npm:load:configScope Completed in 0ms
30 timing npm:load Completed in 34ms
31 silly logfile done cleaning log files
32 timing command:run Completed in 2ms
33 verbose stack Error: ENOENT: no such file or directory, open '/root/AdventureGame/package.json'
34 verbose cwd /root/AdventureGame
35 verbose Linux 7.0.0-15-generic
36 verbose node v22.22.1
37 verbose npm  v9.2.0
38 error code ENOENT
39 error syscall open
40 error path /root/AdventureGame/package.json
41 error errno -2
42 error enoent ENOENT: no such file or directory, open '/root/AdventureGame/package.json'
43 error enoent This is related to npm not being able to find a file.
43 error enoent
44 verbose exit -2
45 timing npm Completed in 48ms
46 verbose code -2
47 error A complete log of this run can be found in:
47 error     /root/.npm/_logs/2026-06-24T13_08_21_574Z-debug-0.log
