0 verbose cli /usr/bin/node /usr/bin/npm
1 info using npm@9.2.0
2 info using node@v22.22.1
3 timing npm:load:whichnode Completed in 0ms
4 timing config:load:defaults Completed in 1ms
5 timing config:load:file:/usr/share/nodejs/npm/npmrc Completed in 6ms
6 timing config:load:builtin Completed in 6ms
7 timing config:load:cli Completed in 1ms
8 timing config:load:env Completed in 1ms
9 timing config:load:file:/root/AdventureGame/text-adventure/.npmrc Completed in 0ms
10 timing config:load:project Completed in 10ms
11 timing config:load:file:/root/.npmrc Completed in 0ms
12 timing config:load:user Completed in 0ms
13 timing config:load:file:/etc/npmrc Completed in 0ms
14 timing config:load:global Completed in 0ms
15 timing config:load:setEnvs Completed in 0ms
16 timing config:load Completed in 20ms
17 timing npm:load:configload Completed in 20ms
18 timing npm:load:mkdirpcache Completed in 1ms
19 timing npm:load:mkdirplogs Completed in 0ms
20 verbose title npm install
21 verbose argv "install"
22 timing npm:load:setTitle Completed in 0ms
23 timing config:load:flatten Completed in 2ms
24 timing npm:load:display Completed in 3ms
25 verbose logfile logs-max:10 dir:/root/.npm/_logs/2026-06-24T13_52_30_741Z-
26 verbose logfile /root/.npm/_logs/2026-06-24T13_52_30_741Z-debug-0.log
27 timing npm:load:logFile Completed in 6ms
28 timing npm:load:timers Completed in 0ms
29 timing npm:load:configScope Completed in 0ms
30 timing npm:load Completed in 30ms
31 timing config:load:flatten Completed in 0ms
32 timing arborist:ctor Completed in 1ms
33 silly logfile done cleaning log files
34 timing idealTree:init Completed in 74ms
35 timing idealTree:userRequests Completed in 0ms
36 silly idealTree buildDeps
37 timing idealTree:#root Completed in 0ms
38 timing idealTree:buildDeps Completed in 1ms
39 timing idealTree:fixDepFlags Completed in 0ms
40 timing idealTree Completed in 79ms
41 verbose shrinkwrap failed to load node_modules/.package-lock.json out of date, updated: node_modules
42 timing reify:loadTrees Completed in 147ms
43 timing reify:diffTrees Completed in 5ms
44 silly reify moves {}
45 timing reify:retireShallow Completed in 1ms
46 timing reify:createSparse Completed in 4ms
47 timing reify:loadBundles Completed in 0ms
48 silly audit bulk request {
48 silly audit   '@babel/code-frame': [ '7.29.7' ],
48 silly audit   '@babel/compat-data': [ '7.29.7' ],
48 silly audit   '@babel/core': [ '7.29.7' ],
48 silly audit   '@babel/generator': [ '7.29.7' ],
48 silly audit   '@babel/helper-compilation-targets': [ '7.29.7' ],
48 silly audit   '@babel/helper-globals': [ '7.29.7' ],
48 silly audit   '@babel/helper-module-imports': [ '7.29.7' ],
48 silly audit   '@babel/helper-module-transforms': [ '7.29.7' ],
48 silly audit   '@babel/helper-string-parser': [ '7.29.7' ],
48 silly audit   '@babel/helper-validator-identifier': [ '7.29.7' ],
48 silly audit   '@babel/helper-validator-option': [ '7.29.7' ],
48 silly audit   '@babel/helpers': [ '7.29.7' ],
48 silly audit   '@babel/parser': [ '7.29.7' ],
48 silly audit   '@babel/template': [ '7.29.7' ],
48 silly audit   '@babel/traverse': [ '7.29.7' ],
48 silly audit   '@babel/types': [ '7.29.7' ],
48 silly audit   '@emnapi/core': [ '1.11.1' ],
48 silly audit   '@emnapi/runtime': [ '1.11.1' ],
48 silly audit   '@emnapi/wasi-threads': [ '1.2.2' ],
48 silly audit   '@eslint-community/eslint-utils': [ '4.9.1' ],
48 silly audit   'eslint-visitor-keys': [ '3.4.3', '5.0.1' ],
48 silly audit   '@eslint-community/regexpp': [ '4.12.2' ],
48 silly audit   '@eslint/config-array': [ '0.23.5' ],
48 silly audit   '@eslint/config-helpers': [ '0.6.0' ],
48 silly audit   '@eslint/core': [ '1.2.1' ],
48 silly audit   '@eslint/js': [ '10.0.1' ],
48 silly audit   '@eslint/object-schema': [ '3.0.5' ],
48 silly audit   '@eslint/plugin-kit': [ '0.7.2' ],
48 silly audit   '@humanfs/core': [ '0.19.2' ],
48 silly audit   '@humanfs/node': [ '0.16.8' ],
48 silly audit   '@humanfs/types': [ '0.15.0' ],
48 silly audit   '@humanwhocodes/module-importer': [ '1.0.1' ],
48 silly audit   '@humanwhocodes/retry': [ '0.4.3' ],
48 silly audit   '@jridgewell/gen-mapping': [ '0.3.13' ],
48 silly audit   '@jridgewell/remapping': [ '2.3.5' ],
48 silly audit   '@jridgewell/resolve-uri': [ '3.1.2' ],
48 silly audit   '@jridgewell/sourcemap-codec': [ '1.5.5' ],
48 silly audit   '@jridgewell/trace-mapping': [ '0.3.31' ],
48 silly audit   '@napi-rs/wasm-runtime': [ '1.1.6' ],
48 silly audit   '@oxc-project/types': [ '0.137.0' ],
48 silly audit   '@rolldown/binding-android-arm64': [ '1.1.3' ],
48 silly audit   '@rolldown/binding-darwin-arm64': [ '1.1.3' ],
48 silly audit   '@rolldown/binding-darwin-x64': [ '1.1.3' ],
48 silly audit   '@rolldown/binding-freebsd-x64': [ '1.1.3' ],
48 silly audit   '@rolldown/binding-linux-arm-gnueabihf': [ '1.1.3' ],
48 silly audit   '@rolldown/binding-linux-arm64-gnu': [ '1.1.3' ],
48 silly audit   '@rolldown/binding-linux-arm64-musl': [ '1.1.3' ],
48 silly audit   '@rolldown/binding-linux-ppc64-gnu': [ '1.1.3' ],
48 silly audit   '@rolldown/binding-linux-s390x-gnu': [ '1.1.3' ],
48 silly audit   '@rolldown/binding-linux-x64-gnu': [ '1.1.3' ],
48 silly audit   '@rolldown/binding-linux-x64-musl': [ '1.1.3' ],
48 silly audit   '@rolldown/binding-openharmony-arm64': [ '1.1.3' ],
48 silly audit   '@rolldown/binding-wasm32-wasi': [ '1.1.3' ],
48 silly audit   '@rolldown/binding-win32-arm64-msvc': [ '1.1.3' ],
48 silly audit   '@rolldown/binding-win32-x64-msvc': [ '1.1.3' ],
48 silly audit   '@rolldown/pluginutils': [ '1.0.1' ],
48 silly audit   '@tybys/wasm-util': [ '0.10.3' ],
48 silly audit   '@types/esrecurse': [ '4.3.1' ],
48 silly audit   '@types/estree': [ '1.0.9' ],
48 silly audit   '@types/json-schema': [ '7.0.15' ],
48 silly audit   '@types/react': [ '19.2.17' ],
48 silly audit   '@types/react-dom': [ '19.2.3' ],
48 silly audit   '@vitejs/plugin-react': [ '6.0.3' ],
48 silly audit   acorn: [ '8.17.0' ],
48 silly audit   'acorn-jsx': [ '5.3.2' ],
48 silly audit   ajv: [ '6.15.0' ],
48 silly audit   'balanced-match': [ '4.0.4' ],
48 silly audit   'baseline-browser-mapping': [ '2.10.38' ],
48 silly audit   'brace-expansion': [ '5.0.6' ],
48 silly audit   browserslist: [ '4.28.4' ],
48 silly audit   'caniuse-lite': [ '1.0.30001799' ],
48 silly audit   'convert-source-map': [ '2.0.0' ],
48 silly audit   'cross-spawn': [ '7.0.6' ],
48 silly audit   csstype: [ '3.2.3' ],
48 silly audit   debug: [ '4.4.3' ],
48 silly audit   'deep-is': [ '0.1.4' ],
48 silly audit   'detect-libc': [ '2.1.2' ],
48 silly audit   'electron-to-chromium': [ '1.5.378' ],
48 silly audit   escalade: [ '3.2.0' ],
48 silly audit   'escape-string-regexp': [ '4.0.0' ],
48 silly audit   eslint: [ '10.5.0' ],
48 silly audit   'eslint-plugin-react-hooks': [ '7.1.1' ],
48 silly audit   'eslint-plugin-react-refresh': [ '0.5.3' ],
48 silly audit   'eslint-scope': [ '9.1.2' ],
48 silly audit   espree: [ '11.2.0' ],
48 silly audit   esquery: [ '1.7.0' ],
48 silly audit   esrecurse: [ '4.3.0' ],
48 silly audit   estraverse: [ '5.3.0' ],
48 silly audit   esutils: [ '2.0.3' ],
48 silly audit   'fast-deep-equal': [ '3.1.3' ],
48 silly audit   'fast-json-stable-stringify': [ '2.1.0' ],
48 silly audit   'fast-levenshtein': [ '2.0.6' ],
48 silly audit   fdir: [ '6.5.0' ],
48 silly audit   'file-entry-cache': [ '8.0.0' ],
48 silly audit   'find-up': [ '5.0.0' ],
48 silly audit   'flat-cache': [ '4.0.1' ],
48 silly audit   flatted: [ '3.4.2' ],
48 silly audit   fsevents: [ '2.3.3' ],
48 silly audit   gensync: [ '1.0.0-beta.2' ],
48 silly audit   'glob-parent': [ '6.0.2' ],
48 silly audit   globals: [ '17.7.0' ],
48 silly audit   'hermes-estree': [ '0.25.1' ],
48 silly audit   'hermes-parser': [ '0.25.1' ],
48 silly audit   ignore: [ '5.3.2' ],
48 silly audit   imurmurhash: [ '0.1.4' ],
48 silly audit   'is-extglob': [ '2.1.1' ],
48 silly audit   'is-glob': [ '4.0.3' ],
48 silly audit   isexe: [ '2.0.0' ],
48 silly audit   'js-tokens': [ '4.0.0' ],
48 silly audit   jsesc: [ '3.1.0' ],
48 silly audit   'json-buffer': [ '3.0.1' ],
48 silly audit   'json-schema-traverse': [ '0.4.1' ],
48 silly audit   'json-stable-stringify-without-jsonify': [ '1.0.1' ],
48 silly audit   json5: [ '2.2.3' ],
48 silly audit   keyv: [ '4.5.4' ],
48 silly audit   levn: [ '0.4.1' ],
48 silly audit   lightningcss: [ '1.32.0' ],
48 silly audit   'lightningcss-android-arm64': [ '1.32.0' ],
48 silly audit   'lightningcss-darwin-arm64': [ '1.32.0' ],
48 silly audit   'lightningcss-darwin-x64': [ '1.32.0' ],
48 silly audit   'lightningcss-freebsd-x64': [ '1.32.0' ],
48 silly audit   'lightningcss-linux-arm-gnueabihf': [ '1.32.0' ],
48 silly audit   'lightningcss-linux-arm64-gnu': [ '1.32.0' ],
48 silly audit   'lightningcss-linux-arm64-musl': [ '1.32.0' ],
48 silly audit   'lightningcss-linux-x64-gnu': [ '1.32.0' ],
48 silly audit   'lightningcss-linux-x64-musl': [ '1.32.0' ],
48 silly audit   'lightningcss-win32-arm64-msvc': [ '1.32.0' ],
48 silly audit   'lightningcss-win32-x64-msvc': [ '1.32.0' ],
48 silly audit   'locate-path': [ '6.0.0' ],
48 silly audit   'lru-cache': [ '5.1.1' ],
48 silly audit   minimatch: [ '10.2.5' ],
48 silly audit   ms: [ '2.1.3' ],
48 silly audit   nanoid: [ '3.3.15' ],
48 silly audit   'natural-compare': [ '1.4.0' ],
48 silly audit   'node-releases': [ '2.0.49' ],
48 silly audit   optionator: [ '0.9.4' ],
48 silly audit   'p-limit': [ '3.1.0' ],
48 silly audit   'p-locate': [ '5.0.0' ],
48 silly audit   'path-exists': [ '4.0.0' ],
48 silly audit   'path-key': [ '3.1.1' ],
48 silly audit   picocolors: [ '1.1.1' ],
48 silly audit   picomatch: [ '4.0.4' ],
48 silly audit   postcss: [ '8.5.15' ],
48 silly audit   'prelude-ls': [ '1.2.1' ],
48 silly audit   punycode: [ '2.3.1' ],
48 silly audit   react: [ '19.2.7' ],
48 silly audit   'react-dom': [ '19.2.7' ],
48 silly audit   rolldown: [ '1.1.3' ],
48 silly audit   scheduler: [ '0.27.0' ],
48 silly audit   semver: [ '6.3.1' ],
48 silly audit   'shebang-command': [ '2.0.0' ],
48 silly audit   'shebang-regex': [ '3.0.0' ],
48 silly audit   'source-map-js': [ '1.2.1' ],
48 silly audit   tinyglobby: [ '0.2.17' ],
48 silly audit   tslib: [ '2.8.1' ],
48 silly audit   'type-check': [ '0.4.0' ],
48 silly audit   'update-browserslist-db': [ '1.2.3' ],
48 silly audit   'uri-js': [ '4.4.1' ],
48 silly audit   vite: [ '8.1.0' ],
48 silly audit   which: [ '2.0.2' ],
48 silly audit   'word-wrap': [ '1.2.5' ],
48 silly audit   yallist: [ '3.1.1' ],
48 silly audit   'yocto-queue': [ '0.1.0' ],
48 silly audit   zod: [ '4.4.3' ],
48 silly audit   'zod-validation-error': [ '4.0.2' ]
48 silly audit }
49 verbose reify failed optional dependency /root/AdventureGame/text-adventure/node_modules/lightningcss-win32-x64-msvc
50 silly reify mark deleted [
50 silly reify   '/root/AdventureGame/text-adventure/node_modules/lightningcss-win32-x64-msvc'
50 silly reify ]
51 verbose reify failed optional dependency /root/AdventureGame/text-adventure/node_modules/lightningcss-win32-arm64-msvc
52 silly reify mark deleted [
52 silly reify   '/root/AdventureGame/text-adventure/node_modules/lightningcss-win32-arm64-msvc'
52 silly reify ]
53 verbose reify failed optional dependency /root/AdventureGame/text-adventure/node_modules/lightningcss-linux-arm64-musl
54 silly reify mark deleted [
54 silly reify   '/root/AdventureGame/text-adventure/node_modules/lightningcss-linux-arm64-musl'
54 silly reify ]
55 verbose reify failed optional dependency /root/AdventureGame/text-adventure/node_modules/lightningcss-linux-arm64-gnu
56 silly reify mark deleted [
56 silly reify   '/root/AdventureGame/text-adventure/node_modules/lightningcss-linux-arm64-gnu'
56 silly reify ]
57 verbose reify failed optional dependency /root/AdventureGame/text-adventure/node_modules/lightningcss-linux-arm-gnueabihf
58 silly reify mark deleted [
58 silly reify   '/root/AdventureGame/text-adventure/node_modules/lightningcss-linux-arm-gnueabihf'
58 silly reify ]
59 verbose reify failed optional dependency /root/AdventureGame/text-adventure/node_modules/lightningcss-freebsd-x64
60 silly reify mark deleted [
60 silly reify   '/root/AdventureGame/text-adventure/node_modules/lightningcss-freebsd-x64'
60 silly reify ]
61 verbose reify failed optional dependency /root/AdventureGame/text-adventure/node_modules/lightningcss-darwin-x64
62 silly reify mark deleted [
62 silly reify   '/root/AdventureGame/text-adventure/node_modules/lightningcss-darwin-x64'
62 silly reify ]
63 verbose reify failed optional dependency /root/AdventureGame/text-adventure/node_modules/lightningcss-darwin-arm64
64 silly reify mark deleted [
64 silly reify   '/root/AdventureGame/text-adventure/node_modules/lightningcss-darwin-arm64'
64 silly reify ]
65 verbose reify failed optional dependency /root/AdventureGame/text-adventure/node_modules/lightningcss-android-arm64
66 silly reify mark deleted [
66 silly reify   '/root/AdventureGame/text-adventure/node_modules/lightningcss-android-arm64'
66 silly reify ]
67 verbose reify failed optional dependency /root/AdventureGame/text-adventure/node_modules/fsevents
68 silly reify mark deleted [ '/root/AdventureGame/text-adventure/node_modules/fsevents' ]
69 verbose reify failed optional dependency /root/AdventureGame/text-adventure/node_modules/@rolldown/binding-win32-x64-msvc
70 silly reify mark deleted [
70 silly reify   '/root/AdventureGame/text-adventure/node_modules/@rolldown/binding-win32-x64-msvc'
70 silly reify ]
71 verbose reify failed optional dependency /root/AdventureGame/text-adventure/node_modules/@rolldown/binding-win32-arm64-msvc
72 silly reify mark deleted [
72 silly reify   '/root/AdventureGame/text-adventure/node_modules/@rolldown/binding-win32-arm64-msvc'
72 silly reify ]
73 verbose reify failed optional dependency /root/AdventureGame/text-adventure/node_modules/@rolldown/binding-wasm32-wasi
74 silly reify mark deleted [
74 silly reify   '/root/AdventureGame/text-adventure/node_modules/@rolldown/binding-wasm32-wasi'
74 silly reify ]
75 verbose reify failed optional dependency /root/AdventureGame/text-adventure/node_modules/@emnapi/core
76 silly reify mark deleted [ '/root/AdventureGame/text-adventure/node_modules/@emnapi/core' ]
77 verbose reify failed optional dependency /root/AdventureGame/text-adventure/node_modules/@emnapi/runtime
78 silly reify mark deleted [ '/root/AdventureGame/text-adventure/node_modules/@emnapi/runtime' ]
79 verbose reify failed optional dependency /root/AdventureGame/text-adventure/node_modules/@napi-rs/wasm-runtime
80 silly reify mark deleted [
80 silly reify   '/root/AdventureGame/text-adventure/node_modules/@napi-rs/wasm-runtime'
80 silly reify ]
81 verbose reify failed optional dependency /root/AdventureGame/text-adventure/node_modules/@emnapi/wasi-threads
82 silly reify mark deleted [
82 silly reify   '/root/AdventureGame/text-adventure/node_modules/@emnapi/wasi-threads'
82 silly reify ]
83 verbose reify failed optional dependency /root/AdventureGame/text-adventure/node_modules/tslib
84 silly reify mark deleted [ '/root/AdventureGame/text-adventure/node_modules/tslib' ]
85 verbose reify failed optional dependency /root/AdventureGame/text-adventure/node_modules/@tybys/wasm-util
86 silly reify mark deleted [ '/root/AdventureGame/text-adventure/node_modules/@tybys/wasm-util' ]
87 verbose reify failed optional dependency /root/AdventureGame/text-adventure/node_modules/@rolldown/binding-openharmony-arm64
88 silly reify mark deleted [
88 silly reify   '/root/AdventureGame/text-adventure/node_modules/@rolldown/binding-openharmony-arm64'
88 silly reify ]
89 verbose reify failed optional dependency /root/AdventureGame/text-adventure/node_modules/@rolldown/binding-linux-s390x-gnu
90 silly reify mark deleted [
90 silly reify   '/root/AdventureGame/text-adventure/node_modules/@rolldown/binding-linux-s390x-gnu'
90 silly reify ]
91 verbose reify failed optional dependency /root/AdventureGame/text-adventure/node_modules/@rolldown/binding-linux-ppc64-gnu
92 silly reify mark deleted [
92 silly reify   '/root/AdventureGame/text-adventure/node_modules/@rolldown/binding-linux-ppc64-gnu'
92 silly reify ]
93 verbose reify failed optional dependency /root/AdventureGame/text-adventure/node_modules/@rolldown/binding-linux-arm64-musl
94 silly reify mark deleted [
94 silly reify   '/root/AdventureGame/text-adventure/node_modules/@rolldown/binding-linux-arm64-musl'
94 silly reify ]
95 verbose reify failed optional dependency /root/AdventureGame/text-adventure/node_modules/@rolldown/binding-linux-arm64-gnu
96 silly reify mark deleted [
96 silly reify   '/root/AdventureGame/text-adventure/node_modules/@rolldown/binding-linux-arm64-gnu'
96 silly reify ]
97 verbose reify failed optional dependency /root/AdventureGame/text-adventure/node_modules/@rolldown/binding-linux-arm-gnueabihf
98 silly reify mark deleted [
98 silly reify   '/root/AdventureGame/text-adventure/node_modules/@rolldown/binding-linux-arm-gnueabihf'
98 silly reify ]
99 verbose reify failed optional dependency /root/AdventureGame/text-adventure/node_modules/@rolldown/binding-freebsd-x64
100 silly reify mark deleted [
100 silly reify   '/root/AdventureGame/text-adventure/node_modules/@rolldown/binding-freebsd-x64'
100 silly reify ]
101 verbose reify failed optional dependency /root/AdventureGame/text-adventure/node_modules/@rolldown/binding-darwin-x64
102 silly reify mark deleted [
102 silly reify   '/root/AdventureGame/text-adventure/node_modules/@rolldown/binding-darwin-x64'
102 silly reify ]
103 verbose reify failed optional dependency /root/AdventureGame/text-adventure/node_modules/@rolldown/binding-darwin-arm64
104 silly reify mark deleted [
104 silly reify   '/root/AdventureGame/text-adventure/node_modules/@rolldown/binding-darwin-arm64'
104 silly reify ]
105 verbose reify failed optional dependency /root/AdventureGame/text-adventure/node_modules/@rolldown/binding-android-arm64
106 silly reify mark deleted [
106 silly reify   '/root/AdventureGame/text-adventure/node_modules/@rolldown/binding-android-arm64'
106 silly reify ]
107 timing reifyNode:node_modules/lightningcss-win32-x64-msvc Completed in 25ms
108 timing reifyNode:node_modules/lightningcss-win32-arm64-msvc Completed in 25ms
109 timing reifyNode:node_modules/lightningcss-linux-arm64-musl Completed in 25ms
110 timing reifyNode:node_modules/lightningcss-linux-arm64-gnu Completed in 24ms
111 timing reifyNode:node_modules/lightningcss-linux-arm-gnueabihf Completed in 24ms
112 timing reifyNode:node_modules/lightningcss-freebsd-x64 Completed in 24ms
113 timing reifyNode:node_modules/lightningcss-darwin-x64 Completed in 24ms
114 timing reifyNode:node_modules/lightningcss-darwin-arm64 Completed in 24ms
115 timing reifyNode:node_modules/lightningcss-android-arm64 Completed in 24ms
116 timing reifyNode:node_modules/fsevents Completed in 24ms
117 timing reifyNode:node_modules/@rolldown/binding-win32-x64-msvc Completed in 24ms
118 timing reifyNode:node_modules/@rolldown/binding-win32-arm64-msvc Completed in 24ms
119 timing reifyNode:node_modules/@rolldown/binding-wasm32-wasi Completed in 24ms
120 timing reifyNode:node_modules/@rolldown/binding-openharmony-arm64 Completed in 24ms
121 timing reifyNode:node_modules/@rolldown/binding-linux-s390x-gnu Completed in 24ms
122 timing reifyNode:node_modules/@rolldown/binding-linux-ppc64-gnu Completed in 24ms
123 timing reifyNode:node_modules/@rolldown/binding-linux-arm64-musl Completed in 24ms
124 timing reifyNode:node_modules/@rolldown/binding-linux-arm64-gnu Completed in 24ms
125 timing reifyNode:node_modules/@rolldown/binding-linux-arm-gnueabihf Completed in 24ms
126 timing reifyNode:node_modules/@rolldown/binding-freebsd-x64 Completed in 23ms
127 timing reifyNode:node_modules/@rolldown/binding-darwin-x64 Completed in 23ms
128 timing reifyNode:node_modules/@rolldown/binding-darwin-arm64 Completed in 23ms
129 timing reifyNode:node_modules/@rolldown/binding-android-arm64 Completed in 23ms
130 timing reifyNode:node_modules/tslib Completed in 94ms
131 timing reifyNode:node_modules/@emnapi/wasi-threads Completed in 98ms
132 timing reifyNode:node_modules/@emnapi/runtime Completed in 100ms
133 timing reifyNode:node_modules/@tybys/wasm-util Completed in 115ms
134 timing reifyNode:node_modules/@emnapi/core Completed in 117ms
135 timing reifyNode:node_modules/@napi-rs/wasm-runtime Completed in 127ms
136 timing reify:unpack Completed in 129ms
137 timing reify:unretire Completed in 0ms
138 timing build:queue Completed in 1ms
139 timing build:deps Completed in 1ms
140 timing build Completed in 1ms
141 timing reify:build Completed in 2ms
142 timing reify:trash Completed in 9ms
143 timing reify:save Completed in 27ms
144 http fetch POST 200 https://registry.npmjs.org/-/npm/v1/security/advisories/bulk 281ms
145 timing auditReport:getReport Completed in 284ms
146 silly audit report {}
147 timing auditReport:init Completed in 0ms
148 timing reify:audit Completed in 285ms
149 timing reify Completed in 447ms
150 silly ADD
151 silly ADD
152 silly ADD
153 silly ADD
154 silly ADD
155 silly ADD
156 silly ADD
157 silly ADD
158 silly ADD
159 silly ADD
160 silly ADD
161 silly ADD
162 silly ADD
163 silly ADD
164 silly ADD
165 silly ADD
166 silly ADD
167 silly ADD
168 silly ADD
169 silly ADD
170 silly ADD
171 silly ADD
172 silly ADD
173 silly ADD
174 silly ADD
175 silly ADD
176 silly ADD
177 silly ADD
178 silly ADD
179 timing command:install Completed in 459ms
180 verbose exit 0
181 timing npm Completed in 499ms
182 info ok
