0 verbose cli /usr/bin/node /usr/bin/npm
1 info using npm@9.2.0
2 info using node@v22.22.1
3 timing npm:load:whichnode Completed in 0ms
4 timing config:load:defaults Completed in 1ms
5 timing config:load:file:/usr/share/nodejs/npm/npmrc Completed in 4ms
6 timing config:load:builtin Completed in 4ms
7 timing config:load:cli Completed in 1ms
8 timing config:load:env Completed in 1ms
9 timing config:load:file:/root/AdventureGame/.npmrc Completed in 0ms
10 timing config:load:project Completed in 4ms
11 timing config:load:file:/root/.npmrc Completed in 0ms
12 timing config:load:user Completed in 0ms
13 timing config:load:file:/etc/npmrc Completed in 1ms
14 timing config:load:global Completed in 1ms
15 timing config:load:setEnvs Completed in 0ms
16 timing config:load Completed in 13ms
17 timing npm:load:configload Completed in 14ms
18 timing npm:load:mkdirpcache Completed in 0ms
19 timing npm:load:mkdirplogs Completed in 0ms
20 verbose title npm create vite@latest text-adventure --template react
21 verbose argv "create" "vite@latest" "text-adventure" "--" "--template" "react"
22 timing npm:load:setTitle Completed in 1ms
23 timing config:load:flatten Completed in 2ms
24 timing npm:load:display Completed in 2ms
25 verbose logfile logs-max:10 dir:/root/.npm/_logs/2026-06-24T13_47_26_163Z-
26 verbose logfile /root/.npm/_logs/2026-06-24T13_47_26_163Z-debug-0.log
27 timing npm:load:logFile Completed in 7ms
28 timing npm:load:timers Completed in 0ms
29 timing npm:load:configScope Completed in 0ms
30 timing npm:load Completed in 25ms
31 silly logfile done cleaning log files
32 timing arborist:ctor Completed in 1ms
33 http fetch GET 200 https://registry.npmjs.org/create-vite 87ms (cache miss)
34 timing arborist:ctor Completed in 0ms
35 timing arborist:ctor Completed in 0ms
36 timing idealTree:init Completed in 8ms
37 timing idealTree:userRequests Completed in 3ms
38 silly idealTree buildDeps
39 silly fetch manifest create-vite@9.1.0
40 http fetch GET 200 https://registry.npmjs.org/create-vite 13ms (cache hit)
41 silly placeDep ROOT create-vite@9.1.0 OK for:  want: 9.1.0
42 timing idealTree:#root Completed in 26ms
43 timing idealTree:node_modules/create-vite Completed in 0ms
44 timing idealTree:buildDeps Completed in 28ms
45 timing idealTree:fixDepFlags Completed in 1ms
46 timing idealTree Completed in 43ms
47 timing reify:loadTrees Completed in 44ms
48 timing reify:diffTrees Completed in 2ms
49 silly reify moves {}
50 timing reify:retireShallow Completed in 1ms
51 timing reify:createSparse Completed in 6ms
52 timing reify:loadBundles Completed in 0ms
53 silly audit bulk request { 'create-vite': [ '9.1.0' ] }
54 silly tarball no local data for create-vite@https://registry.npmjs.org/create-vite/-/create-vite-9.1.0.tgz. Extracting by manifest.
55 http fetch GET 200 https://registry.npmjs.org/create-vite/-/create-vite-9.1.0.tgz 148ms (cache miss)
56 timing reifyNode:node_modules/create-vite Completed in 153ms
57 timing reify:unpack Completed in 153ms
58 timing reify:unretire Completed in 0ms
59 timing build:queue Completed in 1ms
60 timing build:link:node_modules/create-vite Completed in 2ms
61 timing build:link Completed in 2ms
62 timing build:deps Completed in 4ms
63 timing build Completed in 4ms
64 timing reify:build Completed in 4ms
65 timing reify:trash Completed in 0ms
66 timing reify:save Completed in 5ms
67 http fetch POST 200 https://registry.npmjs.org/-/npm/v1/security/advisories/bulk 193ms
68 timing auditReport:getReport Completed in 194ms
69 silly audit report {}
70 timing auditReport:init Completed in 0ms
71 timing reify:audit Completed in 194ms
72 timing reify Completed in 252ms
73 timing command:create Completed in 261208ms
74 verbose exit 0
75 timing npm Completed in 261254ms
76 info ok
